<?xml version="1.0" encoding="UTF-8"?>
<!-- Generated by org.testng.reporters.JUnitReportReporter -->
<testsuite hostname="DESKTOP-NMJ0JVH" failures="0" tests="1" name="crossbrowser.CrossBrowserTesting" time="13.373" errors="0" timestamp="2022-06-29T22:31:40 IST" skipped="0">
  <testcase classname="crossbrowser.CrossBrowserTesting" name="myMethod" time="13.373"/>
  <system-out/>
</testsuite> <!-- crossbrowser.CrossBrowserTesting -->
