<?xml version="1.0" encoding="UTF-8"?>
<!-- Generated by org.testng.reporters.JUnitReportReporter -->
<testsuite hostname="DESKTOP-NMJ0JVH" failures="0" tests="2" name="TestNgPratice.AnnotationStudy" time="0.014" errors="0" timestamp="2022-06-23T17:30:10 IST" skipped="0">
  <testcase classname="TestNgPratice.AnnotationStudy" name="validateDashBoard" time="0.009"/>
  <system-out>
    <![CDATA[DashBoard Validated]]>
  </system-out>
  <testcase classname="TestNgPratice.AnnotationStudy" name="validateuserid" time="0.005"/>
  <system-out>
    <![CDATA[user id]]>
  </system-out>
</testsuite> <!-- TestNgPratice.AnnotationStudy -->
