<?xml version="1.0" encoding="UTF-8"?>
<!-- Generated by org.testng.reporters.JUnitReportReporter -->
<testsuite hostname="DESKTOP-NMJ0JVH" failures="0" tests="1" name="KiteTest.ValidateKiteUserId" time="8.836" errors="0" timestamp="2022-07-01T09:40:54 IST" skipped="0">
  <testcase classname="KiteTest.ValidateKiteUserId" name="validateuserid" time="8.836"/>
  <system-out/>
</testsuite> <!-- KiteTest.ValidateKiteUserId -->
