<?xml version="1.0" encoding="UTF-8"?>
<!-- Generated by org.testng.reporters.JUnitReportReporter -->
<testsuite hostname="DESKTOP-NMJ0JVH" failures="0" tests="4" name="TestNgKeywords.PriorityUse" time="0.031" errors="0" timestamp="2022-06-24T09:16:15 IST" skipped="0">
  <testcase classname="TestNgKeywords.PriorityUse" name="e" time="0.018"/>
  <system-out>
    <![CDATA[d is running]]>
  </system-out>
  <testcase classname="TestNgKeywords.PriorityUse" name="d" time="0.003"/>
  <system-out>
    <![CDATA[d is running]]>
  </system-out>
  <testcase classname="TestNgKeywords.PriorityUse" name="v" time="0.005"/>
  <system-out>
    <![CDATA[v is running]]>
  </system-out>
  <testcase classname="TestNgKeywords.PriorityUse" name="a" time="0.005"/>
  <system-out>
    <![CDATA[a is running]]>
  </system-out>
</testsuite> <!-- TestNgKeywords.PriorityUse -->
