<?xml version="1.0" encoding="UTF-8"?>
<!-- Generated by org.testng.reporters.JUnitReportReporter -->
<testsuite hostname="DESKTOP-NMJ0JVH" failures="0" tests="2" name="TestNgPratice.MyTestClass" time="12.376" errors="0" timestamp="2022-06-23T17:19:47 IST" skipped="0">
  <testcase classname="TestNgPratice.MyTestClass" name="mymethod" time="7.434"/>
  <system-out/>
  <testcase classname="TestNgPratice.MyTestClass" name="method1" time="4.942"/>
  <system-out/>
</testsuite> <!-- TestNgPratice.MyTestClass -->
