<?xml version="1.0" encoding="UTF-8"?>
<!-- Generated by org.testng.reporters.JUnitReportReporter -->
<testsuite hostname="DESKTOP-NMJ0JVH" failures="0" tests="1" name="parallelAndSerialExecution.MyCLass1" time="5.576" errors="0" timestamp="2022-06-24T18:56:52 IST" skipped="0">
  <testcase classname="parallelAndSerialExecution.MyCLass1" name="method" time="5.576"/>
  <system-out/>
</testsuite> <!-- parallelAndSerialExecution.MyCLass1 -->
