<?xml version="1.0" encoding="UTF-8"?>
<!-- Generated by org.testng.reporters.JUnitReportReporter -->
<testsuite hostname="DESKTOP-NMJ0JVH" failures="0" tests="1" name="TestNgPratice.AnnoTationStudyTest1" time="0.008" errors="0" timestamp="2022-06-23T17:37:36 IST" skipped="0">
  <testcase classname="TestNgPratice.AnnoTationStudyTest1" name="rechargePhone" time="0.008"/>
  <system-out>
    <![CDATA[Recharge done]]>
  </system-out>
</testsuite> <!-- TestNgPratice.AnnoTationStudyTest1 -->
