<?xml version="1.0" encoding="UTF-8"?>
<!-- Generated by org.testng.reporters.JUnitReportReporter -->
<testsuite hostname="DESKTOP-NMJ0JVH" failures="0" tests="3" name="TestNgKeywords.InvocationCountUse" time="0.024" errors="0" timestamp="2022-06-23T17:42:15 IST" skipped="0">
  <testcase classname="TestNgKeywords.InvocationCountUse" name="myTest" time="0.016"/>
  <system-out>
    <![CDATA[Hello]]>
  </system-out>
  <testcase classname="TestNgKeywords.InvocationCountUse" name="myTest" time="0.004"/>
  <system-out>
    <![CDATA[Hello]]>
  </system-out>
  <testcase classname="TestNgKeywords.InvocationCountUse" name="myTest" time="0.004"/>
  <system-out>
    <![CDATA[Hello]]>
  </system-out>
</testsuite> <!-- TestNgKeywords.InvocationCountUse -->
